{"name": "при создании нового заказа счётчик Выполнено за всё время увеличивается,", "status": "failed", "statusDetails": {"message": "AssertionError: assert '135248' > '135248'", "trace": "self = <tests.test_order_feed.TestMainPage object at 0x000001C8902575C0>, driver = <selenium.webdriver.firefox.webdriver.WebDriver (session=\"f05bc2de-69be-4e34-8fb6-46356fdbf9d2\")>\n\n    @allure.title('при создании нового заказа счётчик Выполнено за всё время увеличивается,')\n    def test_total_counter_order(self, driver):\n        login = LoginPage(driver)\n        login.login()\n        create = MainPage(driver)\n        create.click_feed_orders_button()\n        order = OrderPage(driver)\n        counter_value = order.get_order_total_count()\n        create.click_constructor_button()\n        create.add_filling_to_order()\n        create.click_create_order_button()\n        order.wait_loading_cross_button()\n        order.click_cross_order()\n        create.click_feed_orders_button()\n        counter_value_past = order.get_order_total_count()\n>       assert counter_value_past > counter_value\nE       AssertionError: assert '135248' > '135248'\n\ntests\\test_order_feed.py:53: AssertionError"}, "steps": [{"name": "Открыть страницу по адресу.", "status": "passed", "parameters": [{"name": "url", "value": "'https://stellarburgers.nomoreparties.site/login'"}], "start": 1728852496871, "stop": 1728852497605}, {"name": "Ввод электронной почты в поле 'Email'", "status": "passed", "start": 1728852497605, "stop": 1728852497645}, {"name": "Ввод пароля в поле 'Пароль'", "status": "passed", "start": 1728852497645, "stop": 1728852497659}, {"name": "Нажатие на кнопку 'Войти'", "status": "passed", "start": 1728852497659, "stop": 1728852497882}, {"name": "Клик на кнопку 'Лента Заказов'", "status": "passed", "start": 1728852498398, "stop": 1728852498613}, {"name": "Получение количества заказов сегодня", "status": "passed", "start": 1728852498613, "stop": 1728852500127}, {"name": "Клик на кнопку 'Конструктор'", "status": "passed", "start": 1728852500127, "stop": 1728852500347}, {"name": "Перетащить Флюоресцентную булку R2-D3", "status": "passed", "start": 1728852500347, "stop": 1728852500919}, {"name": "Клик на кнопку \"Оформить заказ\"", "status": "passed", "start": 1728852500919, "stop": 1728852501135}, {"name": "Ожидание загрузки окна с ифнормацией о созданном заказе", "status": "passed", "start": 1728852501135, "stop": 1728852501140}, {"name": "Нажатие на крестик в окне с ифнормацией о созданном заказе", "status": "passed", "start": 1728852501140, "stop": 1728852501368}, {"name": "Клик на кнопку 'Лента Заказов'", "status": "passed", "start": 1728852501368, "stop": 1728852501586}, {"name": "Получение количества заказов сегодня", "status": "passed", "start": 1728852501586, "stop": 1728852502095}], "parameters": [{"name": "driver", "value": "'firefox'"}], "start": 1728852496871, "stop": 1728852502095, "uuid": "5c6c17b0-61cd-43c1-a041-11f2d80a8910", "historyId": "48f8f3123db7d2fa1fba8eb860916850", "testCaseId": "c0e437b0ad95013eced8705174164a6d", "fullName": "tests.test_order_feed.TestMainPage#test_total_counter_order", "labels": [{"name": "parentSuite", "value": "tests"}, {"name": "suite", "value": "test_order_feed"}, {"name": "subSuite", "value": "TestMainPage"}, {"name": "host", "value": "Vladimir"}, {"name": "thread", "value": "487904-MainThread"}, {"name": "framework", "value": "pytest"}, {"name": "language", "value": "cpython3"}, {"name": "package", "value": "tests.test_order_feed"}]}