{"name": "При создании нового заказа счётчик Выполнено за сегодня увеличивается", "status": "failed", "statusDetails": {"message": "AssertionError: assert '310' > '310'", "trace": "self = <tests.test_order_feed.TestMainPage object at 0x000001C8902578F0>, driver = <selenium.webdriver.firefox.webdriver.WebDriver (session=\"5302365a-92ef-4111-b9fa-5449586fb7ef\")>\n\n    @allure.title('При создании нового заказа счётчик Выполнено за сегодня увеличивается')\n    def test_daily_counter_order(self, driver):\n        login = LoginPage(driver)\n        login.login()\n        create = MainPage(driver)\n        create.click_feed_orders_button()\n        order = OrderPage(driver)\n        counter_value = order.get_order_daily_count()\n        create.click_constructor_button()\n        create.add_filling_to_order()\n        create.click_create_order_button()\n        order.wait_loading_cross_button()\n        order.click_cross_order()\n        create.click_feed_orders_button()\n        counter_value_past = order.get_order_daily_count()\n>       assert counter_value_past > counter_value\nE       AssertionError: assert '310' > '310'\n\ntests\\test_order_feed.py:70: AssertionError"}, "steps": [{"name": "Открыть страницу по адресу.", "status": "passed", "parameters": [{"name": "url", "value": "'https://stellarburgers.nomoreparties.site/login'"}], "start": 1728852530806, "stop": 1728852531540}, {"name": "Ввод электронной почты в поле 'Email'", "status": "passed", "start": 1728852531540, "stop": 1728852531578}, {"name": "Ввод пароля в поле 'Пароль'", "status": "passed", "start": 1728852531578, "stop": 1728852531593}, {"name": "Нажатие на кнопку 'Войти'", "status": "passed", "start": 1728852531593, "stop": 1728852531810}, {"name": "Клик на кнопку 'Лента Заказов'", "status": "passed", "start": 1728852532319, "stop": 1728852532539}, {"name": "Получение общего количества заказов", "status": "passed", "start": 1728852532539, "stop": 1728852533550}, {"name": "Клик на кнопку 'Конструктор'", "status": "passed", "start": 1728852533551, "stop": 1728852533771}, {"name": "Перетащить Флюоресцентную булку R2-D3", "status": "passed", "start": 1728852533771, "stop": 1728852534340}, {"name": "Клик на кнопку \"Оформить заказ\"", "status": "passed", "start": 1728852534340, "stop": 1728852534555}, {"name": "Ожидание загрузки окна с ифнормацией о созданном заказе", "status": "passed", "start": 1728852534555, "stop": 1728852534559}, {"name": "Нажатие на крестик в окне с ифнормацией о созданном заказе", "status": "passed", "start": 1728852534559, "stop": 1728852534772}, {"name": "Клик на кнопку 'Лента Заказов'", "status": "passed", "start": 1728852534772, "stop": 1728852534988}, {"name": "Получение общего количества заказов", "status": "passed", "start": 1728852534988, "stop": 1728852535496}], "parameters": [{"name": "driver", "value": "'firefox'"}], "start": 1728852530804, "stop": 1728852535497, "uuid": "afaccb08-84e7-48cb-b412-c765116fce62", "historyId": "374d98d820dcfd83577f555ae7f3d2c8", "testCaseId": "9884033f6ef9887aba60448c646c95a2", "fullName": "tests.test_order_feed.TestMainPage#test_daily_counter_order", "labels": [{"name": "parentSuite", "value": "tests"}, {"name": "suite", "value": "test_order_feed"}, {"name": "subSuite", "value": "TestMainPage"}, {"name": "host", "value": "Vladimir"}, {"name": "thread", "value": "487904-MainThread"}, {"name": "framework", "value": "pytest"}, {"name": "language", "value": "cpython3"}, {"name": "package", "value": "tests.test_order_feed"}]}